Build started 2011/5/21 23:07:19.
     1>Project "C:\Users\freeTheone\Documents\Visual Studio 2010\Projects\freeDone\freeFiveChess _with Bitmap\freeFiveChess\freeFiveChess.vcxproj" on node 2 (build target(s)).
     1>InitializeBuildStatus:
         Creating "Debug\freeFiveChess.unsuccessfulbuild" because "AlwaysCreate" was specified.
       ClCompile:
         D:\Visual Studio 10.0\VC\bin\CL.exe /c /ZI /nologo /W3 /WX- /Od /Oy- /D WIN32 /D _DEBUG /D _WINDOWS /D _UNICODE /D UNICODE /Gm /EHsc /RTC1 /MDd /GS /fp:precise /Zc:wchar_t /Zc:forScope /Fo"Debug\\" /Fd"Debug\vc100.pdb" /Gd /TP /analyze- /errorReport:prompt WinMain.cpp
         WinMain.cpp
     1>c:\users\freetheone\documents\visual studio 2010\projects\freedone\freefivechess _with bitmap\freefivechess\winmain.cpp(50): warning C4244: 'argument' : conversion from 'time_t' to 'unsigned int', possible loss of data
     1>c:\users\freetheone\documents\visual studio 2010\projects\freedone\freefivechess _with bitmap\freefivechess\winmain.cpp(249): warning C4715: 'WindowProc' : not all control paths return a value
       ResourceCompile:
         All outputs are up-to-date.
       ManifestResourceCompile:
         All outputs are up-to-date.
       Link:
         D:\Visual Studio 10.0\VC\bin\link.exe /ERRORREPORT:PROMPT /OUT:"C:\Users\freeTheone\Documents\Visual Studio 2010\Projects\freeDone\freeFiveChess _with Bitmap\Debug\freeFiveChess.exe" /INCREMENTAL /NOLOGO kernel32.lib user32.lib gdi32.lib winspool.lib comdlg32.lib advapi32.lib shell32.lib ole32.lib oleaut32.lib uuid.lib odbc32.lib odbccp32.lib /MANIFEST /ManifestFile:"Debug\freeFiveChess.exe.intermediate.manifest" /MANIFESTUAC:"level='asInvoker' uiAccess='false'" /DEBUG /PDB:"C:\Users\freeTheone\Documents\Visual Studio 2010\Projects\freeDone\freeFiveChess _with Bitmap\Debug\freeFiveChess.pdb" /SUBSYSTEM:WINDOWS /TLBID:1 /DYNAMICBASE /NXCOMPAT /IMPLIB:"C:\Users\freeTheone\Documents\Visual Studio 2010\Projects\freeDone\freeFiveChess _with Bitmap\Debug\freeFiveChess.lib" /MACHINE:X86 Debug\freeFiveChess.res
         Debug\freeFiveChess.exe.embed.manifest.res
         Debug\WinMain.obj
       Manifest:
         c:\Program Files (x86)\Microsoft SDKs\Windows\v7.0A\bin\mt.exe /nologo /verbose /out:"Debug\freeFiveChess.exe.embed.manifest" /manifest Debug\freeFiveChess.exe.intermediate.manifest
         All outputs are up-to-date.
       LinkEmbedManifest:
         All outputs are up-to-date.
         freeFiveChess.vcxproj -> C:\Users\freeTheone\Documents\Visual Studio 2010\Projects\freeDone\freeFiveChess _with Bitmap\Debug\freeFiveChess.exe
       FinalizeBuildStatus:
         Deleting file "Debug\freeFiveChess.unsuccessfulbuild".
         Touching "Debug\freeFiveChess.lastbuildstate".
     1>Done Building Project "C:\Users\freeTheone\Documents\Visual Studio 2010\Projects\freeDone\freeFiveChess _with Bitmap\freeFiveChess\freeFiveChess.vcxproj" (build target(s)).

Build succeeded.

Time Elapsed 00:00:01.49
